C:\USERS\AURON\DOCUMENTS\VISUAL STUDIO 2012\PROJECTS\GIST_GPU\GIST_GPU\DEBUG\MAIN.OBJ
C:\USERS\AURON\DOCUMENTS\VISUAL STUDIO 2012\PROJECTS\GIST_GPU\GIST_GPU\DEBUG\VC110.PDB
C:\Users\Auron\documents\visual studio 2012\Projects\GIST_GPU\GIST_GPU\Debug\kernel.cu.cache
C:\Users\Auron\documents\visual studio 2012\Projects\GIST_GPU\GIST_GPU\Debug\kernel.cu.obj
C:\Users\Auron\documents\visual studio 2012\Projects\GIST_GPU\GIST_GPU\Debug\main.obj
C:\Users\Auron\documents\visual studio 2012\Projects\GIST_GPU\GIST_GPU\Debug\cl.command.1.tlog
C:\Users\Auron\documents\visual studio 2012\Projects\GIST_GPU\GIST_GPU\Debug\CL.read.1.tlog
C:\Users\Auron\documents\visual studio 2012\Projects\GIST_GPU\GIST_GPU\Debug\CL.write.1.tlog
C:\Users\Auron\documents\visual studio 2012\Projects\GIST_GPU\GIST_GPU\Debug\link-cvtres.read.1.tlog
C:\Users\Auron\documents\visual studio 2012\Projects\GIST_GPU\GIST_GPU\Debug\link-cvtres.write.1.tlog
C:\Users\Auron\documents\visual studio 2012\Projects\GIST_GPU\GIST_GPU\Debug\link-rc.read.1.tlog
C:\Users\Auron\documents\visual studio 2012\Projects\GIST_GPU\GIST_GPU\Debug\link-rc.write.1.tlog
C:\Users\Auron\documents\visual studio 2012\Projects\GIST_GPU\GIST_GPU\Debug\link.6380-cvtres.read.1.tlog
C:\Users\Auron\documents\visual studio 2012\Projects\GIST_GPU\GIST_GPU\Debug\link.6380-cvtres.write.1.tlog
C:\Users\Auron\documents\visual studio 2012\Projects\GIST_GPU\GIST_GPU\Debug\link.6380-rc.read.1.tlog
C:\Users\Auron\documents\visual studio 2012\Projects\GIST_GPU\GIST_GPU\Debug\link.6380-rc.write.1.tlog
C:\Users\Auron\documents\visual studio 2012\Projects\GIST_GPU\GIST_GPU\Debug\link.6380.read.1.tlog
C:\Users\Auron\documents\visual studio 2012\Projects\GIST_GPU\GIST_GPU\Debug\link.6380.write.1.tlog
C:\Users\Auron\documents\visual studio 2012\Projects\GIST_GPU\GIST_GPU\Debug\link.command.1.tlog
C:\Users\Auron\documents\visual studio 2012\Projects\GIST_GPU\GIST_GPU\Debug\link.read.1.tlog
C:\Users\Auron\documents\visual studio 2012\Projects\GIST_GPU\GIST_GPU\Debug\link.write.1.tlog
C:\Users\Auron\documents\visual studio 2012\Projects\GIST_GPU\GIST_GPU\Debug\vc110.idb
C:\Users\Auron\documents\visual studio 2012\Projects\GIST_GPU\GIST_GPU\Debug\vc110.pdb
C:\Users\Auron\documents\visual studio 2012\Projects\GIST_GPU\Debug\GIST_GPU.pdb
