Build started 1/27/2015 5:32:07 PM.
     1>Project "C:\Users\Auron\documents\visual studio 2012\Projects\GIST_GPU\GIST_GPU\GIST_GPU.vcxproj" on node 2 (Build target(s)).
     1>AddCudaCompileDeps:
         C:\Program Files (x86)\Microsoft Visual Studio 11.0\VC\bin\cl.exe /E /nologo /showIncludes /TP /D__CUDACC__ /DWIN32 /D_DEBUG /D_CONSOLE /D_MBCS /I"C:\Program Files\NVIDIA GPU Computing Toolkit\CUDA\v6.0\include" /I"C:\Program Files\NVIDIA GPU Computing Toolkit\CUDA\v6.0\bin" /I"C:\Program Files\NVIDIA GPU Computing Toolkit\CUDA\v6.0\include" /I. /FIcuda_runtime.h /c "C:\Users\Auron\documents\visual studio 2012\Projects\GIST_GPU\GIST_GPU\kernel.cu" 
       CudaBuild:
         Compiling CUDA source file kernel.cu...
         cmd.exe /C "C:\Users\Auron\AppData\Local\Temp\tmpc83c985ca7024c349d2605dc04476a6c.cmd"
         "C:\Program Files\NVIDIA GPU Computing Toolkit\CUDA\v6.0\bin\nvcc.exe" -gencode=arch=compute_10,code=\"sm_10,compute_10\" --use-local-env --cl-version 2012 -ccbin "C:\Program Files (x86)\Microsoft Visual Studio 11.0\VC\bin"  -I"C:\Program Files\NVIDIA GPU Computing Toolkit\CUDA\v6.0\include" -I"C:\Program Files\NVIDIA GPU Computing Toolkit\CUDA\v6.0\include"  -G   --keep-dir Debug -maxrregcount=0  --machine 32 --compile -cudart static  -g   -DWIN32 -D_DEBUG -D_CONSOLE -D_MBCS -Xcompiler "/EHsc /W3 /nologo /Od /Zi /RTC1 /MDd  " -o Debug\kernel.cu.obj "C:\Users\Auron\documents\visual studio 2012\Projects\GIST_GPU\GIST_GPU\kernel.cu"
         
         C:\Users\Auron\documents\visual studio 2012\Projects\GIST_GPU\GIST_GPU>"C:\Program Files\NVIDIA GPU Computing Toolkit\CUDA\v6.0\bin\nvcc.exe" -gencode=arch=compute_10,code=\"sm_10,compute_10\" --use-local-env --cl-version 2012 -ccbin "C:\Program Files (x86)\Microsoft Visual Studio 11.0\VC\bin"  -I"C:\Program Files\NVIDIA GPU Computing Toolkit\CUDA\v6.0\include" -I"C:\Program Files\NVIDIA GPU Computing Toolkit\CUDA\v6.0\include"  -G   --keep-dir Debug -maxrregcount=0  --machine 32 --compile -cudart static  -g   -DWIN32 -D_DEBUG -D_CONSOLE -D_MBCS -Xcompiler "/EHsc /W3 /nologo /Od /Zi /RTC1 /MDd  " -o Debug\kernel.cu.obj "C:\Users\Auron\documents\visual studio 2012\Projects\GIST_GPU\GIST_GPU\kernel.cu" 
     1>nvcc : warning : The 'compute_10' and 'sm_10' architectures are deprecated, and may be removed in a future release.
     1>c:\program files\nvidia gpu computing toolkit\cuda\v6.0\include\math_functions.h : warning C4819: The file contains a character that cannot be represented in the current code page (949). Save the file in Unicode format to prevent data loss
     1>c:\program files\nvidia gpu computing toolkit\cuda\v6.0\include\math_functions.h(870): warning C4819: The file contains a character that cannot be represented in the current code page (949). Save the file in Unicode format to prevent data loss
     1>c:\program files\nvidia gpu computing toolkit\cuda\v6.0\include\math_functions.h(1850): warning C4819: The file contains a character that cannot be represented in the current code page (949). Save the file in Unicode format to prevent data loss
     1>c:\program files\nvidia gpu computing toolkit\cuda\v6.0\include\math_functions.h(2751): warning C4819: The file contains a character that cannot be represented in the current code page (949). Save the file in Unicode format to prevent data loss
     1>c:\program files\nvidia gpu computing toolkit\cuda\v6.0\include\math_functions.h(3698): warning C4819: The file contains a character that cannot be represented in the current code page (949). Save the file in Unicode format to prevent data loss
     1>c:\program files\nvidia gpu computing toolkit\cuda\v6.0\include\math_functions.h(4617): warning C4819: The file contains a character that cannot be represented in the current code page (949). Save the file in Unicode format to prevent data loss
     1>c:\program files\nvidia gpu computing toolkit\cuda\v6.0\include\math_functions.h(5509): warning C4819: The file contains a character that cannot be represented in the current code page (949). Save the file in Unicode format to prevent data loss
     1>c:\program files\nvidia gpu computing toolkit\cuda\v6.0\include\math_functions.h(6392): warning C4819: The file contains a character that cannot be represented in the current code page (949). Save the file in Unicode format to prevent data loss
     1>c:\program files\nvidia gpu computing toolkit\cuda\v6.0\include\math_functions.h(7307): warning C4819: The file contains a character that cannot be represented in the current code page (949). Save the file in Unicode format to prevent data loss
     1>c:\program files\nvidia gpu computing toolkit\cuda\v6.0\include\device_functions.h : warning C4819: The file contains a character that cannot be represented in the current code page (949). Save the file in Unicode format to prevent data loss
     1>c:\program files\nvidia gpu computing toolkit\cuda\v6.0\include\device_functions.h(783): warning C4819: The file contains a character that cannot be represented in the current code page (949). Save the file in Unicode format to prevent data loss
     1>c:\program files\nvidia gpu computing toolkit\cuda\v6.0\include\device_functions.h(1659): warning C4819: The file contains a character that cannot be represented in the current code page (949). Save the file in Unicode format to prevent data loss
     1>c:\program files\nvidia gpu computing toolkit\cuda\v6.0\include\sm_13_double_functions.h : warning C4819: The file contains a character that cannot be represented in the current code page (949). Save the file in Unicode format to prevent data loss
     1>D:\opencv\build\include\opencv2/core/mat.hpp(1413): warning C4819: The file contains a character that cannot be represented in the current code page (949). Save the file in Unicode format to prevent data loss
     1>D:\opencv\build\include\opencv2/core/cvdef.h(373): warning : variable "t" is used before its value is set
     1>D:\opencv\build\include\opencv2/core/base.hpp(266): warning : function declared with "noreturn" does return
     1>D:\opencv\build\include\opencv2/ml.hpp(318): warning : overloaded virtual function "cv::ml::StatModel::train" is only partially overridden in class "cv::ml::EM"
     1>D:\opencv\build\include\opencv2/ml.hpp(578): warning : overloaded virtual function "cv::ml::StatModel::train" is only partially overridden in class "cv::ml::LogisticRegression"
     1>C:/Users/Auron/documents/visual studio 2012/Projects/GIST_GPU/GIST_GPU/kernel.cu(116): warning : transfer of control bypasses initialization of:
     1>C:/Users/Auron/documents/visual studio 2012/Projects/GIST_GPU/GIST_GPU/kernel.cu(123): warning : transfer of control bypasses initialization of:
     1>C:/Users/Auron/documents/visual studio 2012/Projects/GIST_GPU/GIST_GPU/kernel.cu(129): warning : transfer of control bypasses initialization of:
     1>C:/Users/Auron/documents/visual studio 2012/Projects/GIST_GPU/GIST_GPU/kernel.cu(138): warning : transfer of control bypasses initialization of:
     1>C:/Users/Auron/documents/visual studio 2012/Projects/GIST_GPU/GIST_GPU/kernel.cu(153): warning : transfer of control bypasses initialization of:
     1>C:/Users/Auron/documents/visual studio 2012/Projects/GIST_GPU/GIST_GPU/kernel.cu(165): warning : transfer of control bypasses initialization of:
     1>C:/Users/Auron/documents/visual studio 2012/Projects/GIST_GPU/GIST_GPU/kernel.cu(21): warning : variable "filterSizeX" was declared but never referenced
     1>C:/Users/Auron/documents/visual studio 2012/Projects/GIST_GPU/GIST_GPU/kernel.cu(22): warning : variable "filterSizeY" was declared but never referenced
     1>c:\program files\nvidia gpu computing toolkit\cuda\v6.0\include\math_functions.h : warning C4819: The file contains a character that cannot be represented in the current code page (949). Save the file in Unicode format to prevent data loss
     1>c:\program files\nvidia gpu computing toolkit\cuda\v6.0\include\math_functions.h(870): warning C4819: The file contains a character that cannot be represented in the current code page (949). Save the file in Unicode format to prevent data loss
     1>c:\program files\nvidia gpu computing toolkit\cuda\v6.0\include\math_functions.h(1850): warning C4819: The file contains a character that cannot be represented in the current code page (949). Save the file in Unicode format to prevent data loss
     1>c:\program files\nvidia gpu computing toolkit\cuda\v6.0\include\math_functions.h(2751): warning C4819: The file contains a character that cannot be represented in the current code page (949). Save the file in Unicode format to prevent data loss
     1>c:\program files\nvidia gpu computing toolkit\cuda\v6.0\include\math_functions.h(3698): warning C4819: The file contains a character that cannot be represented in the current code page (949). Save the file in Unicode format to prevent data loss
     1>c:\program files\nvidia gpu computing toolkit\cuda\v6.0\include\math_functions.h(4617): warning C4819: The file contains a character that cannot be represented in the current code page (949). Save the file in Unicode format to prevent data loss
     1>c:\program files\nvidia gpu computing toolkit\cuda\v6.0\include\math_functions.h(5509): warning C4819: The file contains a character that cannot be represented in the current code page (949). Save the file in Unicode format to prevent data loss
     1>c:\program files\nvidia gpu computing toolkit\cuda\v6.0\include\math_functions.h(6392): warning C4819: The file contains a character that cannot be represented in the current code page (949). Save the file in Unicode format to prevent data loss
     1>c:\program files\nvidia gpu computing toolkit\cuda\v6.0\include\math_functions.h(7307): warning C4819: The file contains a character that cannot be represented in the current code page (949). Save the file in Unicode format to prevent data loss
     1>c:\program files\nvidia gpu computing toolkit\cuda\v6.0\include\math_functions.h : warning C4819: The file contains a character that cannot be represented in the current code page (949). Save the file in Unicode format to prevent data loss
     1>c:\program files\nvidia gpu computing toolkit\cuda\v6.0\include\math_functions.h(870): warning C4819: The file contains a character that cannot be represented in the current code page (949). Save the file in Unicode format to prevent data loss
     1>c:\program files\nvidia gpu computing toolkit\cuda\v6.0\include\math_functions.h(1850): warning C4819: The file contains a character that cannot be represented in the current code page (949). Save the file in Unicode format to prevent data loss
     1>c:\program files\nvidia gpu computing toolkit\cuda\v6.0\include\math_functions.h(2751): warning C4819: The file contains a character that cannot be represented in the current code page (949). Save the file in Unicode format to prevent data loss
     1>c:\program files\nvidia gpu computing toolkit\cuda\v6.0\include\math_functions.h(3698): warning C4819: The file contains a character that cannot be represented in the current code page (949). Save the file in Unicode format to prevent data loss
     1>c:\program files\nvidia gpu computing toolkit\cuda\v6.0\include\math_functions.h(4617): warning C4819: The file contains a character that cannot be represented in the current code page (949). Save the file in Unicode format to prevent data loss
     1>c:\program files\nvidia gpu computing toolkit\cuda\v6.0\include\math_functions.h(5509): warning C4819: The file contains a character that cannot be represented in the current code page (949). Save the file in Unicode format to prevent data loss
     1>c:\program files\nvidia gpu computing toolkit\cuda\v6.0\include\math_functions.h(6392): warning C4819: The file contains a character that cannot be represented in the current code page (949). Save the file in Unicode format to prevent data loss
     1>c:\program files\nvidia gpu computing toolkit\cuda\v6.0\include\math_functions.h(7307): warning C4819: The file contains a character that cannot be represented in the current code page (949). Save the file in Unicode format to prevent data loss
     1>c:\program files\nvidia gpu computing toolkit\cuda\v6.0\include\device_functions.h : warning C4819: The file contains a character that cannot be represented in the current code page (949). Save the file in Unicode format to prevent data loss
     1>c:\program files\nvidia gpu computing toolkit\cuda\v6.0\include\device_functions.h(783): warning C4819: The file contains a character that cannot be represented in the current code page (949). Save the file in Unicode format to prevent data loss
     1>c:\program files\nvidia gpu computing toolkit\cuda\v6.0\include\device_functions.h(1659): warning C4819: The file contains a character that cannot be represented in the current code page (949). Save the file in Unicode format to prevent data loss
     1>c:\program files\nvidia gpu computing toolkit\cuda\v6.0\include\sm_13_double_functions.h : warning C4819: The file contains a character that cannot be represented in the current code page (949). Save the file in Unicode format to prevent data loss
     1>c:\program files\nvidia gpu computing toolkit\cuda\v6.0\include\math_functions.h : warning C4819: The file contains a character that cannot be represented in the current code page (949). Save the file in Unicode format to prevent data loss
     1>c:\program files\nvidia gpu computing toolkit\cuda\v6.0\include\math_functions.h(870): warning C4819: The file contains a character that cannot be represented in the current code page (949). Save the file in Unicode format to prevent data loss
     1>c:\program files\nvidia gpu computing toolkit\cuda\v6.0\include\math_functions.h(1850): warning C4819: The file contains a character that cannot be represented in the current code page (949). Save the file in Unicode format to prevent data loss
     1>c:\program files\nvidia gpu computing toolkit\cuda\v6.0\include\math_functions.h(2751): warning C4819: The file contains a character that cannot be represented in the current code page (949). Save the file in Unicode format to prevent data loss
     1>c:\program files\nvidia gpu computing toolkit\cuda\v6.0\include\math_functions.h(3698): warning C4819: The file contains a character that cannot be represented in the current code page (949). Save the file in Unicode format to prevent data loss
     1>c:\program files\nvidia gpu computing toolkit\cuda\v6.0\include\math_functions.h(4617): warning C4819: The file contains a character that cannot be represented in the current code page (949). Save the file in Unicode format to prevent data loss
     1>c:\program files\nvidia gpu computing toolkit\cuda\v6.0\include\math_functions.h(5509): warning C4819: The file contains a character that cannot be represented in the current code page (949). Save the file in Unicode format to prevent data loss
     1>c:\program files\nvidia gpu computing toolkit\cuda\v6.0\include\math_functions.h(6392): warning C4819: The file contains a character that cannot be represented in the current code page (949). Save the file in Unicode format to prevent data loss
     1>c:\program files\nvidia gpu computing toolkit\cuda\v6.0\include\math_functions.h(7307): warning C4819: The file contains a character that cannot be represented in the current code page (949). Save the file in Unicode format to prevent data loss
     1>c:\program files\nvidia gpu computing toolkit\cuda\v6.0\include\device_functions.h : warning C4819: The file contains a character that cannot be represented in the current code page (949). Save the file in Unicode format to prevent data loss
     1>c:\program files\nvidia gpu computing toolkit\cuda\v6.0\include\device_functions.h(783): warning C4819: The file contains a character that cannot be represented in the current code page (949). Save the file in Unicode format to prevent data loss
     1>c:\program files\nvidia gpu computing toolkit\cuda\v6.0\include\device_functions.h(1659): warning C4819: The file contains a character that cannot be represented in the current code page (949). Save the file in Unicode format to prevent data loss
     1>c:\program files\nvidia gpu computing toolkit\cuda\v6.0\include\sm_13_double_functions.h : warning C4819: The file contains a character that cannot be represented in the current code page (949). Save the file in Unicode format to prevent data loss
     1>D:\opencv\build\include\opencv2/core/mat.hpp(1413): warning C4819: The file contains a character that cannot be represented in the current code page (949). Save the file in Unicode format to prevent data loss
     1>D:\opencv\build\include\opencv2/core/cvdef.h(373): warning : variable "t" is used before its value is set
     1>D:\opencv\build\include\opencv2/core/base.hpp(266): warning : function declared with "noreturn" does return
     1>D:\opencv\build\include\opencv2/core/affine.hpp(282): warning : controlling expression is constant
     1>D:\opencv\build\include\opencv2/ml.hpp(318): warning : overloaded virtual function "cv::ml::StatModel::train" is only partially overridden in class "cv::ml::EM"
     1>D:\opencv\build\include\opencv2/ml.hpp(578): warning : overloaded virtual function "cv::ml::StatModel::train" is only partially overridden in class "cv::ml::LogisticRegression"
     1>C:/Users/Auron/documents/visual studio 2012/Projects/GIST_GPU/GIST_GPU/kernel.cu(116): warning : transfer of control bypasses initialization of:
     1>C:/Users/Auron/documents/visual studio 2012/Projects/GIST_GPU/GIST_GPU/kernel.cu(123): warning : transfer of control bypasses initialization of:
     1>C:/Users/Auron/documents/visual studio 2012/Projects/GIST_GPU/GIST_GPU/kernel.cu(129): warning : transfer of control bypasses initialization of:
     1>C:/Users/Auron/documents/visual studio 2012/Projects/GIST_GPU/GIST_GPU/kernel.cu(138): warning : transfer of control bypasses initialization of:
     1>C:/Users/Auron/documents/visual studio 2012/Projects/GIST_GPU/GIST_GPU/kernel.cu(153): warning : transfer of control bypasses initialization of:
     1>C:/Users/Auron/documents/visual studio 2012/Projects/GIST_GPU/GIST_GPU/kernel.cu(165): warning : transfer of control bypasses initialization of:
     1>C:/Users/Auron/documents/visual studio 2012/Projects/GIST_GPU/GIST_GPU/kernel.cu(21): warning : variable "filterSizeX" was declared but never referenced
     1>C:/Users/Auron/documents/visual studio 2012/Projects/GIST_GPU/GIST_GPU/kernel.cu(22): warning : variable "filterSizeY" was declared but never referenced
     1>c:\program files\nvidia gpu computing toolkit\cuda\v6.0\include\math_functions.h : warning C4819: The file contains a character that cannot be represented in the current code page (949). Save the file in Unicode format to prevent data loss
     1>c:\program files\nvidia gpu computing toolkit\cuda\v6.0\include\math_functions.h(870): warning C4819: The file contains a character that cannot be represented in the current code page (949). Save the file in Unicode format to prevent data loss
     1>c:\program files\nvidia gpu computing toolkit\cuda\v6.0\include\math_functions.h(1850): warning C4819: The file contains a character that cannot be represented in the current code page (949). Save the file in Unicode format to prevent data loss
     1>c:\program files\nvidia gpu computing toolkit\cuda\v6.0\include\math_functions.h(2751): warning C4819: The file contains a character that cannot be represented in the current code page (949). Save the file in Unicode format to prevent data loss
     1>c:\program files\nvidia gpu computing toolkit\cuda\v6.0\include\math_functions.h(3698): warning C4819: The file contains a character that cannot be represented in the current code page (949). Save the file in Unicode format to prevent data loss
     1>c:\program files\nvidia gpu computing toolkit\cuda\v6.0\include\math_functions.h(4617): warning C4819: The file contains a character that cannot be represented in the current code page (949). Save the file in Unicode format to prevent data loss
     1>c:\program files\nvidia gpu computing toolkit\cuda\v6.0\include\math_functions.h(5509): warning C4819: The file contains a character that cannot be represented in the current code page (949). Save the file in Unicode format to prevent data loss
     1>c:\program files\nvidia gpu computing toolkit\cuda\v6.0\include\math_functions.h(6392): warning C4819: The file contains a character that cannot be represented in the current code page (949). Save the file in Unicode format to prevent data loss
     1>c:\program files\nvidia gpu computing toolkit\cuda\v6.0\include\math_functions.h(7307): warning C4819: The file contains a character that cannot be represented in the current code page (949). Save the file in Unicode format to prevent data loss
         kernel.cu
     1>C:/Users/Auron/documents/visual studio 2012/Projects/GIST_GPU/GIST_GPU/kernel.cu(98): warning C4305: '=' : truncation from 'double' to 'float'
     1>C:/Users/Auron/documents/visual studio 2012/Projects/GIST_GPU/GIST_GPU/kernel.cu(99): warning C4244: 'argument' : conversion from 'int' to 'float', possible loss of data
     1>C:/Users/Auron/documents/visual studio 2012/Projects/GIST_GPU/GIST_GPU/kernel.cu(99): warning C4305: 'argument' : truncation from 'double' to 'float'
     1>C:/Users/Auron/documents/visual studio 2012/Projects/GIST_GPU/GIST_GPU/kernel.cu(99): warning C4244: '=' : conversion from 'double' to 'float', possible loss of data
     1>C:/Users/Auron/documents/visual studio 2012/Projects/GIST_GPU/GIST_GPU/kernel.cu(101): warning C4244: '=' : conversion from 'double' to 'float', possible loss of data
       Link:
         C:\Program Files (x86)\Microsoft Visual Studio 11.0\VC\bin\link.exe /ERRORREPORT:PROMPT /OUT:"C:\Users\Auron\documents\visual studio 2012\Projects\GIST_GPU\Debug\GIST_GPU.exe" /INCREMENTAL /NOLOGO /LIBPATH:"C:\Program Files\NVIDIA GPU Computing Toolkit\CUDA\v6.0\lib\Win32" cudart.lib kernel32.lib user32.lib gdi32.lib winspool.lib comdlg32.lib advapi32.lib shell32.lib ole32.lib oleaut32.lib uuid.lib odbc32.lib odbccp32.lib "libfftw3f-3.lib" cufft.lib opencv_ts300d.lib opencv_world300d.lib kernel32.lib user32.lib gdi32.lib winspool.lib comdlg32.lib advapi32.lib shell32.lib ole32.lib oleaut32.lib uuid.lib odbc32.lib odbccp32.lib /MANIFEST /MANIFESTUAC:"level='asInvoker' uiAccess='false'" /manifest:embed /DEBUG /PDB:"C:\Users\Auron\documents\visual studio 2012\Projects\GIST_GPU\Debug\GIST_GPU.pdb" /SUBSYSTEM:CONSOLE /TLBID:1 /DYNAMICBASE /NXCOMPAT /IMPLIB:"C:\Users\Auron\documents\visual studio 2012\Projects\GIST_GPU\Debug\GIST_GPU.lib" /MACHINE:X86 Debug\kernel.cu.obj
         Debug\main.obj
         GIST_GPU.vcxproj -> C:\Users\Auron\documents\visual studio 2012\Projects\GIST_GPU\Debug\GIST_GPU.exe
       PostBuildEvent:
         echo copy "C:\Program Files\NVIDIA GPU Computing Toolkit\CUDA\v6.0\bin\cudart*.dll" "C:\Users\Auron\documents\visual studio 2012\Projects\GIST_GPU\Debug\"
         copy "C:\Program Files\NVIDIA GPU Computing Toolkit\CUDA\v6.0\bin\cudart*.dll" "C:\Users\Auron\documents\visual studio 2012\Projects\GIST_GPU\Debug\"
         :VCEnd
         copy "C:\Program Files\NVIDIA GPU Computing Toolkit\CUDA\v6.0\bin\cudart*.dll" "C:\Users\Auron\documents\visual studio 2012\Projects\GIST_GPU\Debug\"
         C:\Program Files\NVIDIA GPU Computing Toolkit\CUDA\v6.0\bin\cudart32_60.dll
         C:\Program Files\NVIDIA GPU Computing Toolkit\CUDA\v6.0\bin\cudart64_60.dll
                 2 file(s) copied.
     1>Done Building Project "C:\Users\Auron\documents\visual studio 2012\Projects\GIST_GPU\GIST_GPU\GIST_GPU.vcxproj" (Build target(s)).

Build succeeded.

Time Elapsed 00:00:06.64
